<?xml version="1.0" encoding="UTF-8"?>
<!-- Generated by org.testng.reporters.JUnitXMLReporter -->
<testsuite ignored="0" hostname="ChristoPC" failures="0" tests="7" name="Test" time="63.213" errors="0" timestamp="2021-08-30T22:07:13 IST">
  <testcase classname="com.orangeHRM.qa.test.LoginPageTest" name="forgetPasswordTest" time="1.05"/>
  <testcase classname="com.orangeHRM.qa.test.LoginPageTest" name="invalidLoginTest" time="1.373"/>
  <testcase classname="com.orangeHRM.qa.test.LoginPageTest" name="invalidLoginTest" time="1.521"/>
  <testcase classname="com.orangeHRM.qa.test.LoginPageTest" name="invalidUsernameTest" time="0.233"/>
  <testcase classname="com.orangeHRM.qa.test.LoginPageTest" name="invalidUsernameTest" time="0.21"/>
  <testcase classname="com.orangeHRM.qa.test.LoginPageTest" name="loginPageTitleTest" time="0.007"/>
  <testcase classname="com.orangeHRM.qa.test.LoginPageTest" name="loginTest" time="5.008"/>
</testsuite> <!-- Test -->
