<?xml version="1.0" encoding="UTF-8"?>
<!-- Generated by org.testng.reporters.JUnitXMLReporter -->
<testsuite hostname="ChristoPC" ignored="0" name="Test" tests="7" failures="0" timestamp="2021-08-30T22:53:31 IST" time="57.889" errors="0">
  <testcase name="forgetPasswordTest" time="0.956" classname="com.orangeHRM.qa.test.LoginPageTest"/>
  <testcase name="invalidLoginTest" time="1.34" classname="com.orangeHRM.qa.test.LoginPageTest"/>
  <testcase name="invalidLoginTest" time="1.614" classname="com.orangeHRM.qa.test.LoginPageTest"/>
  <testcase name="invalidUsernameTest" time="0.293" classname="com.orangeHRM.qa.test.LoginPageTest"/>
  <testcase name="invalidUsernameTest" time="0.468" classname="com.orangeHRM.qa.test.LoginPageTest"/>
  <testcase name="loginPageTitleTest" time="0.008" classname="com.orangeHRM.qa.test.LoginPageTest"/>
  <testcase name="loginTest" time="6.289" classname="com.orangeHRM.qa.test.LoginPageTest"/>
</testsuite> <!-- Test -->
