<?xml version="1.0" encoding="UTF-8"?>
<testng-results ignored="0" total="7" passed="7" failed="0" skipped="0">
  <reporter-output>
  </reporter-output>
  <suite started-at="2021-08-30T22:06:10 IST" name="Suite" finished-at="2021-08-30T22:07:13 IST" duration-ms="63213">
    <groups>
    </groups>
    <test started-at="2021-08-30T22:06:10 IST" name="Test" finished-at="2021-08-30T22:07:13 IST" duration-ms="63213">
      <class name="com.orangeHRM.qa.test.LoginPageTest">
        <test-method is-config="true" signature="setUp()[pri:0, instance:com.orangeHRM.qa.test.LoginPageTest@1e1a0406]" started-at="2021-08-30T22:06:10 IST" name="setUp" finished-at="2021-08-30T22:06:23 IST" duration-ms="12955" status="PASS">
          <reporter-output>
          </reporter-output>
        </test-method> <!-- setUp -->
        <test-method signature="forgetPasswordTest()[pri:0, instance:com.orangeHRM.qa.test.LoginPageTest@1e1a0406]" started-at="2021-08-30T22:06:23 IST" name="forgetPasswordTest" finished-at="2021-08-30T22:06:24 IST" duration-ms="1050" status="PASS">
          <reporter-output>
          </reporter-output>
        </test-method> <!-- forgetPasswordTest -->
        <test-method is-config="true" signature="tearDown()[pri:0, instance:com.orangeHRM.qa.test.LoginPageTest@1e1a0406]" started-at="2021-08-30T22:06:24 IST" name="tearDown" finished-at="2021-08-30T22:06:24 IST" duration-ms="40" status="PASS">
          <reporter-output>
          </reporter-output>
        </test-method> <!-- tearDown -->
        <test-method is-config="true" signature="setUp()[pri:0, instance:com.orangeHRM.qa.test.LoginPageTest@1e1a0406]" started-at="2021-08-30T22:06:24 IST" name="setUp" finished-at="2021-08-30T22:06:29 IST" duration-ms="4853" status="PASS">
          <reporter-output>
          </reporter-output>
        </test-method> <!-- setUp -->
        <test-method signature="invalidLoginTest(java.lang.String,java.lang.String)[pri:0, instance:com.orangeHRM.qa.test.LoginPageTest@1e1a0406]" started-at="2021-08-30T22:06:29 IST" name="invalidLoginTest" data-provider="invalidLoginDataProvider" finished-at="2021-08-30T22:06:31 IST" duration-ms="1373" status="PASS">
          <params>
            <param index="0">
              <value>
                <![CDATA[admin]]>
              </value>
            </param>
            <param index="1">
              <value>
                <![CDATA[567.0]]>
              </value>
            </param>
          </params>
          <reporter-output>
          </reporter-output>
        </test-method> <!-- invalidLoginTest -->
        <test-method is-config="true" signature="tearDown()[pri:0, instance:com.orangeHRM.qa.test.LoginPageTest@1e1a0406]" started-at="2021-08-30T22:06:31 IST" name="tearDown" finished-at="2021-08-30T22:06:31 IST" duration-ms="35" status="PASS">
          <reporter-output>
          </reporter-output>
        </test-method> <!-- tearDown -->
        <test-method is-config="true" signature="setUp()[pri:0, instance:com.orangeHRM.qa.test.LoginPageTest@1e1a0406]" started-at="2021-08-30T22:06:31 IST" name="setUp" finished-at="2021-08-30T22:06:37 IST" duration-ms="6670" status="PASS">
          <reporter-output>
          </reporter-output>
        </test-method> <!-- setUp -->
        <test-method signature="invalidLoginTest(java.lang.String,java.lang.String)[pri:0, instance:com.orangeHRM.qa.test.LoginPageTest@1e1a0406]" started-at="2021-08-30T22:06:37 IST" name="invalidLoginTest" data-provider="invalidLoginDataProvider" finished-at="2021-08-30T22:06:39 IST" duration-ms="1521" status="PASS">
          <params>
            <param index="0">
              <value>
                <![CDATA[admin]]>
              </value>
            </param>
            <param index="1">
              <value>
                <![CDATA[invalid]]>
              </value>
            </param>
          </params>
          <reporter-output>
          </reporter-output>
        </test-method> <!-- invalidLoginTest -->
        <test-method is-config="true" signature="tearDown()[pri:0, instance:com.orangeHRM.qa.test.LoginPageTest@1e1a0406]" started-at="2021-08-30T22:06:39 IST" name="tearDown" finished-at="2021-08-30T22:06:39 IST" duration-ms="45" status="PASS">
          <reporter-output>
          </reporter-output>
        </test-method> <!-- tearDown -->
        <test-method is-config="true" signature="setUp()[pri:0, instance:com.orangeHRM.qa.test.LoginPageTest@1e1a0406]" started-at="2021-08-30T22:06:39 IST" name="setUp" finished-at="2021-08-30T22:06:47 IST" duration-ms="8240" status="PASS">
          <reporter-output>
          </reporter-output>
        </test-method> <!-- setUp -->
        <test-method signature="invalidUsernameTest(java.lang.String)[pri:0, instance:com.orangeHRM.qa.test.LoginPageTest@1e1a0406]" started-at="2021-08-30T22:06:47 IST" name="invalidUsernameTest" data-provider="invalidUsernameDataProvider" finished-at="2021-08-30T22:06:47 IST" duration-ms="233" status="PASS">
          <params>
            <param index="0">
              <value>
                <![CDATA[567.0]]>
              </value>
            </param>
          </params>
          <reporter-output>
          </reporter-output>
        </test-method> <!-- invalidUsernameTest -->
        <test-method is-config="true" signature="tearDown()[pri:0, instance:com.orangeHRM.qa.test.LoginPageTest@1e1a0406]" started-at="2021-08-30T22:06:47 IST" name="tearDown" finished-at="2021-08-30T22:06:47 IST" duration-ms="30" status="PASS">
          <reporter-output>
          </reporter-output>
        </test-method> <!-- tearDown -->
        <test-method is-config="true" signature="setUp()[pri:0, instance:com.orangeHRM.qa.test.LoginPageTest@1e1a0406]" started-at="2021-08-30T22:06:47 IST" name="setUp" finished-at="2021-08-30T22:06:54 IST" duration-ms="6804" status="PASS">
          <reporter-output>
          </reporter-output>
        </test-method> <!-- setUp -->
        <test-method signature="invalidUsernameTest(java.lang.String)[pri:0, instance:com.orangeHRM.qa.test.LoginPageTest@1e1a0406]" started-at="2021-08-30T22:06:54 IST" name="invalidUsernameTest" data-provider="invalidUsernameDataProvider" finished-at="2021-08-30T22:06:54 IST" duration-ms="210" status="PASS">
          <params>
            <param index="0">
              <value>
                <![CDATA[789.0]]>
              </value>
            </param>
          </params>
          <reporter-output>
          </reporter-output>
        </test-method> <!-- invalidUsernameTest -->
        <test-method is-config="true" signature="tearDown()[pri:0, instance:com.orangeHRM.qa.test.LoginPageTest@1e1a0406]" started-at="2021-08-30T22:06:54 IST" name="tearDown" finished-at="2021-08-30T22:06:55 IST" duration-ms="38" status="PASS">
          <reporter-output>
          </reporter-output>
        </test-method> <!-- tearDown -->
        <test-method is-config="true" signature="setUp()[pri:0, instance:com.orangeHRM.qa.test.LoginPageTest@1e1a0406]" started-at="2021-08-30T22:06:55 IST" name="setUp" finished-at="2021-08-30T22:07:01 IST" duration-ms="6673" status="PASS">
          <reporter-output>
          </reporter-output>
        </test-method> <!-- setUp -->
        <test-method signature="loginPageTitleTest()[pri:0, instance:com.orangeHRM.qa.test.LoginPageTest@1e1a0406]" started-at="2021-08-30T22:07:01 IST" name="loginPageTitleTest" finished-at="2021-08-30T22:07:01 IST" duration-ms="7" status="PASS">
          <reporter-output>
          </reporter-output>
        </test-method> <!-- loginPageTitleTest -->
        <test-method is-config="true" signature="tearDown()[pri:0, instance:com.orangeHRM.qa.test.LoginPageTest@1e1a0406]" started-at="2021-08-30T22:07:01 IST" name="tearDown" finished-at="2021-08-30T22:07:01 IST" duration-ms="31" status="PASS">
          <reporter-output>
          </reporter-output>
        </test-method> <!-- tearDown -->
        <test-method is-config="true" signature="setUp()[pri:0, instance:com.orangeHRM.qa.test.LoginPageTest@1e1a0406]" started-at="2021-08-30T22:07:01 IST" name="setUp" finished-at="2021-08-30T22:07:08 IST" duration-ms="6729" status="PASS">
          <reporter-output>
          </reporter-output>
        </test-method> <!-- setUp -->
        <test-method signature="loginTest(java.lang.String,java.lang.String)[pri:0, instance:com.orangeHRM.qa.test.LoginPageTest@1e1a0406]" started-at="2021-08-30T22:07:08 IST" name="loginTest" data-provider="LoginDataProvider" finished-at="2021-08-30T22:07:13 IST" duration-ms="5008" status="PASS">
          <params>
            <param index="0">
              <value>
                <![CDATA[Admin]]>
              </value>
            </param>
            <param index="1">
              <value>
                <![CDATA[admin123]]>
              </value>
            </param>
          </params>
          <reporter-output>
          </reporter-output>
        </test-method> <!-- loginTest -->
        <test-method is-config="true" signature="tearDown()[pri:0, instance:com.orangeHRM.qa.test.LoginPageTest@1e1a0406]" started-at="2021-08-30T22:07:13 IST" name="tearDown" finished-at="2021-08-30T22:07:13 IST" duration-ms="34" status="PASS">
          <reporter-output>
          </reporter-output>
        </test-method> <!-- tearDown -->
      </class> <!-- com.orangeHRM.qa.test.LoginPageTest -->
    </test> <!-- Test -->
  </suite> <!-- Suite -->
</testng-results>
